<?xml version="1.0" encoding="UTF-8"?>
<testsuite xmlns:xsi="http://www.w3.org/2001/XMLSchema-instance" xsi:noNamespaceSchemaLocation="https://maven.apache.org/surefire/maven-surefire-plugin/xsd/surefire-test-report.xsd" version="3.0.2" name="com.gkt.demoMcp.DemoMcpApplicationTests" time="1.463" tests="1" errors="0" skipped="0" failures="0">
  <properties>
    <property name="java.specification.version" value="23"/>
    <property name="sun.jnu.encoding" value="UTF-8"/>
    <property name="java.class.path" value="/Users/germanrodriguez/development/demoMcp/target/test-classes:/Users/germanrodriguez/development/demoMcp/target/classes:/Users/germanrodriguez/.m2/repository/org/springframework/boot/spring-boot-starter-web/3.4.6/spring-boot-starter-web-3.4.6.jar:/Users/germanrodriguez/.m2/repository/org/springframework/boot/spring-boot-starter/3.4.6/spring-boot-starter-3.4.6.jar:/Users/germanrodriguez/.m2/repository/org/springframework/boot/spring-boot/3.4.6/spring-boot-3.4.6.jar:/Users/germanrodriguez/.m2/repository/org/springframework/boot/spring-boot-autoconfigure/3.4.6/spring-boot-autoconfigure-3.4.6.jar:/Users/germanrodriguez/.m2/repository/org/springframework/boot/spring-boot-starter-logging/3.4.6/spring-boot-starter-logging-3.4.6.jar:/Users/germanrodriguez/.m2/repository/ch/qos/logback/logback-classic/1.5.18/logback-classic-1.5.18.jar:/Users/germanrodriguez/.m2/repository/ch/qos/logback/logback-core/1.5.18/logback-core-1.5.18.jar:/Users/germanrodriguez/.m2/repository/org/apache/logging/log4j/log4j-to-slf4j/2.24.3/log4j-to-slf4j-2.24.3.jar:/Users/germanrodriguez/.m2/repository/org/apache/logging/log4j/log4j-api/2.24.3/log4j-api-2.24.3.jar:/Users/germanrodriguez/.m2/repository/org/slf4j/jul-to-slf4j/2.0.17/jul-to-slf4j-2.0.17.jar:/Users/germanrodriguez/.m2/repository/jakarta/annotation/jakarta.annotation-api/2.1.1/jakarta.annotation-api-2.1.1.jar:/Users/germanrodriguez/.m2/repository/org/yaml/snakeyaml/2.3/snakeyaml-2.3.jar:/Users/germanrodriguez/.m2/repository/org/springframework/boot/spring-boot-starter-json/3.4.6/spring-boot-starter-json-3.4.6.jar:/Users/germanrodriguez/.m2/repository/com/fasterxml/jackson/core/jackson-databind/2.18.4/jackson-databind-2.18.4.jar:/Users/germanrodriguez/.m2/repository/com/fasterxml/jackson/core/jackson-annotations/2.18.4/jackson-annotations-2.18.4.jar:/Users/germanrodriguez/.m2/repository/com/fasterxml/jackson/core/jackson-core/2.18.4/jackson-core-2.18.4.jar:/Users/germanrodriguez/.m2/repository/com/fasterxml/jackson/datatype/jackson-datatype-jdk8/2.18.4/jackson-datatype-jdk8-2.18.4.jar:/Users/germanrodriguez/.m2/repository/com/fasterxml/jackson/datatype/jackson-datatype-jsr310/2.18.4/jackson-datatype-jsr310-2.18.4.jar:/Users/germanrodriguez/.m2/repository/com/fasterxml/jackson/module/jackson-module-parameter-names/2.18.4/jackson-module-parameter-names-2.18.4.jar:/Users/germanrodriguez/.m2/repository/org/springframework/boot/spring-boot-starter-tomcat/3.4.6/spring-boot-starter-tomcat-3.4.6.jar:/Users/germanrodriguez/.m2/repository/org/apache/tomcat/embed/tomcat-embed-core/10.1.41/tomcat-embed-core-10.1.41.jar:/Users/germanrodriguez/.m2/repository/org/apache/tomcat/embed/tomcat-embed-el/10.1.41/tomcat-embed-el-10.1.41.jar:/Users/germanrodriguez/.m2/repository/org/apache/tomcat/embed/tomcat-embed-websocket/10.1.41/tomcat-embed-websocket-10.1.41.jar:/Users/germanrodriguez/.m2/repository/org/springframework/spring-web/6.2.7/spring-web-6.2.7.jar:/Users/germanrodriguez/.m2/repository/org/springframework/spring-beans/6.2.7/spring-beans-6.2.7.jar:/Users/germanrodriguez/.m2/repository/io/micrometer/micrometer-observation/1.14.7/micrometer-observation-1.14.7.jar:/Users/germanrodriguez/.m2/repository/io/micrometer/micrometer-commons/1.14.7/micrometer-commons-1.14.7.jar:/Users/germanrodriguez/.m2/repository/org/springframework/spring-webmvc/6.2.7/spring-webmvc-6.2.7.jar:/Users/germanrodriguez/.m2/repository/org/springframework/spring-aop/6.2.7/spring-aop-6.2.7.jar:/Users/germanrodriguez/.m2/repository/org/springframework/spring-context/6.2.7/spring-context-6.2.7.jar:/Users/germanrodriguez/.m2/repository/org/springframework/spring-expression/6.2.7/spring-expression-6.2.7.jar:/Users/germanrodriguez/.m2/repository/org/springframework/ai/spring-ai-starter-mcp-server/1.0.0/spring-ai-starter-mcp-server-1.0.0.jar:/Users/germanrodriguez/.m2/repository/org/springframework/ai/spring-ai-autoconfigure-mcp-server/1.0.0/spring-ai-autoconfigure-mcp-server-1.0.0.jar:/Users/germanrodriguez/.m2/repository/org/springframework/ai/spring-ai-mcp/1.0.0/spring-ai-mcp-1.0.0.jar:/Users/germanrodriguez/.m2/repository/io/modelcontextprotocol/sdk/mcp/0.10.0/mcp-0.10.0.jar:/Users/germanrodriguez/.m2/repository/io/projectreactor/reactor-core/3.7.6/reactor-core-3.7.6.jar:/Users/germanrodriguez/.m2/repository/org/reactivestreams/reactive-streams/1.0.4/reactive-streams-1.0.4.jar:/Users/germanrodriguez/.m2/repository/org/springframework/ai/spring-ai-model/1.0.0/spring-ai-model-1.0.0.jar:/Users/germanrodriguez/.m2/repository/org/springframework/ai/spring-ai-commons/1.0.0/spring-ai-commons-1.0.0.jar:/Users/germanrodriguez/.m2/repository/io/micrometer/micrometer-core/1.14.7/micrometer-core-1.14.7.jar:/Users/germanrodriguez/.m2/repository/org/hdrhistogram/HdrHistogram/2.2.2/HdrHistogram-2.2.2.jar:/Users/germanrodriguez/.m2/repository/org/latencyutils/LatencyUtils/2.0.3/LatencyUtils-2.0.3.jar:/Users/germanrodriguez/.m2/repository/io/micrometer/context-propagation/1.1.3/context-propagation-1.1.3.jar:/Users/germanrodriguez/.m2/repository/com/fasterxml/jackson/module/jackson-module-jsonSchema/2.18.4/jackson-module-jsonSchema-2.18.4.jar:/Users/germanrodriguez/.m2/repository/javax/validation/validation-api/1.1.0.Final/validation-api-1.1.0.Final.jar:/Users/germanrodriguez/.m2/repository/com/knuddels/jtokkit/1.1.0/jtokkit-1.1.0.jar:/Users/germanrodriguez/.m2/repository/org/springframework/ai/spring-ai-template-st/1.0.0/spring-ai-template-st-1.0.0.jar:/Users/germanrodriguez/.m2/repository/org/antlr/ST4/4.3.4/ST4-4.3.4.jar:/Users/germanrodriguez/.m2/repository/org/springframework/spring-messaging/6.2.7/spring-messaging-6.2.7.jar:/Users/germanrodriguez/.m2/repository/org/antlr/antlr4-runtime/4.13.1/antlr4-runtime-4.13.1.jar:/Users/germanrodriguez/.m2/repository/com/github/victools/jsonschema-generator/4.37.0/jsonschema-generator-4.37.0.jar:/Users/germanrodriguez/.m2/repository/com/fasterxml/classmate/1.7.0/classmate-1.7.0.jar:/Users/germanrodriguez/.m2/repository/com/github/victools/jsonschema-module-jackson/4.37.0/jsonschema-module-jackson-4.37.0.jar:/Users/germanrodriguez/.m2/repository/com/github/victools/jsonschema-module-swagger-2/4.37.0/jsonschema-module-swagger-2-4.37.0.jar:/Users/germanrodriguez/.m2/repository/io/swagger/core/v3/swagger-annotations/2.2.25/swagger-annotations-2.2.25.jar:/Users/germanrodriguez/.m2/repository/org/springframework/boot/spring-boot-starter-test/3.4.6/spring-boot-starter-test-3.4.6.jar:/Users/germanrodriguez/.m2/repository/org/springframework/boot/spring-boot-test/3.4.6/spring-boot-test-3.4.6.jar:/Users/germanrodriguez/.m2/repository/org/springframework/boot/spring-boot-test-autoconfigure/3.4.6/spring-boot-test-autoconfigure-3.4.6.jar:/Users/germanrodriguez/.m2/repository/com/jayway/jsonpath/json-path/2.9.0/json-path-2.9.0.jar:/Users/germanrodriguez/.m2/repository/org/slf4j/slf4j-api/2.0.17/slf4j-api-2.0.17.jar:/Users/germanrodriguez/.m2/repository/jakarta/xml/bind/jakarta.xml.bind-api/4.0.2/jakarta.xml.bind-api-4.0.2.jar:/Users/germanrodriguez/.m2/repository/net/minidev/json-smart/2.5.2/json-smart-2.5.2.jar:/Users/germanrodriguez/.m2/repository/net/minidev/accessors-smart/2.5.2/accessors-smart-2.5.2.jar:/Users/germanrodriguez/.m2/repository/org/ow2/asm/asm/9.7.1/asm-9.7.1.jar:/Users/germanrodriguez/.m2/repository/org/assertj/assertj-core/3.26.3/assertj-core-3.26.3.jar:/Users/germanrodriguez/.m2/repository/net/bytebuddy/byte-buddy/1.15.11/byte-buddy-1.15.11.jar:/Users/germanrodriguez/.m2/repository/org/awaitility/awaitility/4.2.2/awaitility-4.2.2.jar:/Users/germanrodriguez/.m2/repository/org/hamcrest/hamcrest/2.2/hamcrest-2.2.jar:/Users/germanrodriguez/.m2/repository/org/junit/jupiter/junit-jupiter/5.11.4/junit-jupiter-5.11.4.jar:/Users/germanrodriguez/.m2/repository/org/junit/jupiter/junit-jupiter-api/5.11.4/junit-jupiter-api-5.11.4.jar:/Users/germanrodriguez/.m2/repository/org/opentest4j/opentest4j/1.3.0/opentest4j-1.3.0.jar:/Users/germanrodriguez/.m2/repository/org/junit/platform/junit-platform-commons/1.11.4/junit-platform-commons-1.11.4.jar:/Users/germanrodriguez/.m2/repository/org/apiguardian/apiguardian-api/1.1.2/apiguardian-api-1.1.2.jar:/Users/germanrodriguez/.m2/repository/org/junit/jupiter/junit-jupiter-params/5.11.4/junit-jupiter-params-5.11.4.jar:/Users/germanrodriguez/.m2/repository/org/junit/jupiter/junit-jupiter-engine/5.11.4/junit-jupiter-engine-5.11.4.jar:/Users/germanrodriguez/.m2/repository/org/junit/platform/junit-platform-engine/1.11.4/junit-platform-engine-1.11.4.jar:/Users/germanrodriguez/.m2/repository/org/mockito/mockito-core/5.14.2/mockito-core-5.14.2.jar:/Users/germanrodriguez/.m2/repository/net/bytebuddy/byte-buddy-agent/1.15.11/byte-buddy-agent-1.15.11.jar:/Users/germanrodriguez/.m2/repository/org/objenesis/objenesis/3.3/objenesis-3.3.jar:/Users/germanrodriguez/.m2/repository/org/mockito/mockito-junit-jupiter/5.14.2/mockito-junit-jupiter-5.14.2.jar:/Users/germanrodriguez/.m2/repository/org/skyscreamer/jsonassert/1.5.3/jsonassert-1.5.3.jar:/Users/germanrodriguez/.m2/repository/com/vaadin/external/google/android-json/0.0.20131108.vaadin1/android-json-0.0.20131108.vaadin1.jar:/Users/germanrodriguez/.m2/repository/org/springframework/spring-core/6.2.7/spring-core-6.2.7.jar:/Users/germanrodriguez/.m2/repository/org/springframework/spring-jcl/6.2.7/spring-jcl-6.2.7.jar:/Users/germanrodriguez/.m2/repository/org/springframework/spring-test/6.2.7/spring-test-6.2.7.jar:/Users/germanrodriguez/.m2/repository/org/xmlunit/xmlunit-core/2.10.1/xmlunit-core-2.10.1.jar:"/>
    <property name="java.vm.vendor" value="Homebrew"/>
    <property name="sun.arch.data.model" value="64"/>
    <property name="java.vendor.url" value="https://github.com/Homebrew/homebrew-core/issues"/>
    <property name="user.timezone" value="America/Mexico_City"/>
    <property name="os.name" value="Mac OS X"/>
    <property name="java.vm.specification.version" value="23"/>
    <property name="APPLICATION_NAME" value="demoMcp"/>
    <property name="sun.java.launcher" value="SUN_STANDARD"/>
    <property name="user.country" value="GB"/>
    <property name="sun.boot.library.path" value="/opt/homebrew/Cellar/openjdk/23.0.2/libexec/openjdk.jdk/Contents/Home/lib"/>
    <property name="sun.java.command" value="/Users/germanrodriguez/development/demoMcp/target/surefire/surefirebooter-20250604091041846_3.jar /Users/germanrodriguez/development/demoMcp/target/surefire 2025-06-04T09-10-41_814-jvmRun1 surefire-20250604091041846_1tmp surefire_0-20250604091041846_2tmp"/>
    <property name="jdk.debug" value="release"/>
    <property name="surefire.test.class.path" value="/Users/germanrodriguez/development/demoMcp/target/test-classes:/Users/germanrodriguez/development/demoMcp/target/classes:/Users/germanrodriguez/.m2/repository/org/springframework/boot/spring-boot-starter-web/3.4.6/spring-boot-starter-web-3.4.6.jar:/Users/germanrodriguez/.m2/repository/org/springframework/boot/spring-boot-starter/3.4.6/spring-boot-starter-3.4.6.jar:/Users/germanrodriguez/.m2/repository/org/springframework/boot/spring-boot/3.4.6/spring-boot-3.4.6.jar:/Users/germanrodriguez/.m2/repository/org/springframework/boot/spring-boot-autoconfigure/3.4.6/spring-boot-autoconfigure-3.4.6.jar:/Users/germanrodriguez/.m2/repository/org/springframework/boot/spring-boot-starter-logging/3.4.6/spring-boot-starter-logging-3.4.6.jar:/Users/germanrodriguez/.m2/repository/ch/qos/logback/logback-classic/1.5.18/logback-classic-1.5.18.jar:/Users/germanrodriguez/.m2/repository/ch/qos/logback/logback-core/1.5.18/logback-core-1.5.18.jar:/Users/germanrodriguez/.m2/repository/org/apache/logging/log4j/log4j-to-slf4j/2.24.3/log4j-to-slf4j-2.24.3.jar:/Users/germanrodriguez/.m2/repository/org/apache/logging/log4j/log4j-api/2.24.3/log4j-api-2.24.3.jar:/Users/germanrodriguez/.m2/repository/org/slf4j/jul-to-slf4j/2.0.17/jul-to-slf4j-2.0.17.jar:/Users/germanrodriguez/.m2/repository/jakarta/annotation/jakarta.annotation-api/2.1.1/jakarta.annotation-api-2.1.1.jar:/Users/germanrodriguez/.m2/repository/org/yaml/snakeyaml/2.3/snakeyaml-2.3.jar:/Users/germanrodriguez/.m2/repository/org/springframework/boot/spring-boot-starter-json/3.4.6/spring-boot-starter-json-3.4.6.jar:/Users/germanrodriguez/.m2/repository/com/fasterxml/jackson/core/jackson-databind/2.18.4/jackson-databind-2.18.4.jar:/Users/germanrodriguez/.m2/repository/com/fasterxml/jackson/core/jackson-annotations/2.18.4/jackson-annotations-2.18.4.jar:/Users/germanrodriguez/.m2/repository/com/fasterxml/jackson/core/jackson-core/2.18.4/jackson-core-2.18.4.jar:/Users/germanrodriguez/.m2/repository/com/fasterxml/jackson/datatype/jackson-datatype-jdk8/2.18.4/jackson-datatype-jdk8-2.18.4.jar:/Users/germanrodriguez/.m2/repository/com/fasterxml/jackson/datatype/jackson-datatype-jsr310/2.18.4/jackson-datatype-jsr310-2.18.4.jar:/Users/germanrodriguez/.m2/repository/com/fasterxml/jackson/module/jackson-module-parameter-names/2.18.4/jackson-module-parameter-names-2.18.4.jar:/Users/germanrodriguez/.m2/repository/org/springframework/boot/spring-boot-starter-tomcat/3.4.6/spring-boot-starter-tomcat-3.4.6.jar:/Users/germanrodriguez/.m2/repository/org/apache/tomcat/embed/tomcat-embed-core/10.1.41/tomcat-embed-core-10.1.41.jar:/Users/germanrodriguez/.m2/repository/org/apache/tomcat/embed/tomcat-embed-el/10.1.41/tomcat-embed-el-10.1.41.jar:/Users/germanrodriguez/.m2/repository/org/apache/tomcat/embed/tomcat-embed-websocket/10.1.41/tomcat-embed-websocket-10.1.41.jar:/Users/germanrodriguez/.m2/repository/org/springframework/spring-web/6.2.7/spring-web-6.2.7.jar:/Users/germanrodriguez/.m2/repository/org/springframework/spring-beans/6.2.7/spring-beans-6.2.7.jar:/Users/germanrodriguez/.m2/repository/io/micrometer/micrometer-observation/1.14.7/micrometer-observation-1.14.7.jar:/Users/germanrodriguez/.m2/repository/io/micrometer/micrometer-commons/1.14.7/micrometer-commons-1.14.7.jar:/Users/germanrodriguez/.m2/repository/org/springframework/spring-webmvc/6.2.7/spring-webmvc-6.2.7.jar:/Users/germanrodriguez/.m2/repository/org/springframework/spring-aop/6.2.7/spring-aop-6.2.7.jar:/Users/germanrodriguez/.m2/repository/org/springframework/spring-context/6.2.7/spring-context-6.2.7.jar:/Users/germanrodriguez/.m2/repository/org/springframework/spring-expression/6.2.7/spring-expression-6.2.7.jar:/Users/germanrodriguez/.m2/repository/org/springframework/ai/spring-ai-starter-mcp-server/1.0.0/spring-ai-starter-mcp-server-1.0.0.jar:/Users/germanrodriguez/.m2/repository/org/springframework/ai/spring-ai-autoconfigure-mcp-server/1.0.0/spring-ai-autoconfigure-mcp-server-1.0.0.jar:/Users/germanrodriguez/.m2/repository/org/springframework/ai/spring-ai-mcp/1.0.0/spring-ai-mcp-1.0.0.jar:/Users/germanrodriguez/.m2/repository/io/modelcontextprotocol/sdk/mcp/0.10.0/mcp-0.10.0.jar:/Users/germanrodriguez/.m2/repository/io/projectreactor/reactor-core/3.7.6/reactor-core-3.7.6.jar:/Users/germanrodriguez/.m2/repository/org/reactivestreams/reactive-streams/1.0.4/reactive-streams-1.0.4.jar:/Users/germanrodriguez/.m2/repository/org/springframework/ai/spring-ai-model/1.0.0/spring-ai-model-1.0.0.jar:/Users/germanrodriguez/.m2/repository/org/springframework/ai/spring-ai-commons/1.0.0/spring-ai-commons-1.0.0.jar:/Users/germanrodriguez/.m2/repository/io/micrometer/micrometer-core/1.14.7/micrometer-core-1.14.7.jar:/Users/germanrodriguez/.m2/repository/org/hdrhistogram/HdrHistogram/2.2.2/HdrHistogram-2.2.2.jar:/Users/germanrodriguez/.m2/repository/org/latencyutils/LatencyUtils/2.0.3/LatencyUtils-2.0.3.jar:/Users/germanrodriguez/.m2/repository/io/micrometer/context-propagation/1.1.3/context-propagation-1.1.3.jar:/Users/germanrodriguez/.m2/repository/com/fasterxml/jackson/module/jackson-module-jsonSchema/2.18.4/jackson-module-jsonSchema-2.18.4.jar:/Users/germanrodriguez/.m2/repository/javax/validation/validation-api/1.1.0.Final/validation-api-1.1.0.Final.jar:/Users/germanrodriguez/.m2/repository/com/knuddels/jtokkit/1.1.0/jtokkit-1.1.0.jar:/Users/germanrodriguez/.m2/repository/org/springframework/ai/spring-ai-template-st/1.0.0/spring-ai-template-st-1.0.0.jar:/Users/germanrodriguez/.m2/repository/org/antlr/ST4/4.3.4/ST4-4.3.4.jar:/Users/germanrodriguez/.m2/repository/org/springframework/spring-messaging/6.2.7/spring-messaging-6.2.7.jar:/Users/germanrodriguez/.m2/repository/org/antlr/antlr4-runtime/4.13.1/antlr4-runtime-4.13.1.jar:/Users/germanrodriguez/.m2/repository/com/github/victools/jsonschema-generator/4.37.0/jsonschema-generator-4.37.0.jar:/Users/germanrodriguez/.m2/repository/com/fasterxml/classmate/1.7.0/classmate-1.7.0.jar:/Users/germanrodriguez/.m2/repository/com/github/victools/jsonschema-module-jackson/4.37.0/jsonschema-module-jackson-4.37.0.jar:/Users/germanrodriguez/.m2/repository/com/github/victools/jsonschema-module-swagger-2/4.37.0/jsonschema-module-swagger-2-4.37.0.jar:/Users/germanrodriguez/.m2/repository/io/swagger/core/v3/swagger-annotations/2.2.25/swagger-annotations-2.2.25.jar:/Users/germanrodriguez/.m2/repository/org/springframework/boot/spring-boot-starter-test/3.4.6/spring-boot-starter-test-3.4.6.jar:/Users/germanrodriguez/.m2/repository/org/springframework/boot/spring-boot-test/3.4.6/spring-boot-test-3.4.6.jar:/Users/germanrodriguez/.m2/repository/org/springframework/boot/spring-boot-test-autoconfigure/3.4.6/spring-boot-test-autoconfigure-3.4.6.jar:/Users/germanrodriguez/.m2/repository/com/jayway/jsonpath/json-path/2.9.0/json-path-2.9.0.jar:/Users/germanrodriguez/.m2/repository/org/slf4j/slf4j-api/2.0.17/slf4j-api-2.0.17.jar:/Users/germanrodriguez/.m2/repository/jakarta/xml/bind/jakarta.xml.bind-api/4.0.2/jakarta.xml.bind-api-4.0.2.jar:/Users/germanrodriguez/.m2/repository/net/minidev/json-smart/2.5.2/json-smart-2.5.2.jar:/Users/germanrodriguez/.m2/repository/net/minidev/accessors-smart/2.5.2/accessors-smart-2.5.2.jar:/Users/germanrodriguez/.m2/repository/org/ow2/asm/asm/9.7.1/asm-9.7.1.jar:/Users/germanrodriguez/.m2/repository/org/assertj/assertj-core/3.26.3/assertj-core-3.26.3.jar:/Users/germanrodriguez/.m2/repository/net/bytebuddy/byte-buddy/1.15.11/byte-buddy-1.15.11.jar:/Users/germanrodriguez/.m2/repository/org/awaitility/awaitility/4.2.2/awaitility-4.2.2.jar:/Users/germanrodriguez/.m2/repository/org/hamcrest/hamcrest/2.2/hamcrest-2.2.jar:/Users/germanrodriguez/.m2/repository/org/junit/jupiter/junit-jupiter/5.11.4/junit-jupiter-5.11.4.jar:/Users/germanrodriguez/.m2/repository/org/junit/jupiter/junit-jupiter-api/5.11.4/junit-jupiter-api-5.11.4.jar:/Users/germanrodriguez/.m2/repository/org/opentest4j/opentest4j/1.3.0/opentest4j-1.3.0.jar:/Users/germanrodriguez/.m2/repository/org/junit/platform/junit-platform-commons/1.11.4/junit-platform-commons-1.11.4.jar:/Users/germanrodriguez/.m2/repository/org/apiguardian/apiguardian-api/1.1.2/apiguardian-api-1.1.2.jar:/Users/germanrodriguez/.m2/repository/org/junit/jupiter/junit-jupiter-params/5.11.4/junit-jupiter-params-5.11.4.jar:/Users/germanrodriguez/.m2/repository/org/junit/jupiter/junit-jupiter-engine/5.11.4/junit-jupiter-engine-5.11.4.jar:/Users/germanrodriguez/.m2/repository/org/junit/platform/junit-platform-engine/1.11.4/junit-platform-engine-1.11.4.jar:/Users/germanrodriguez/.m2/repository/org/mockito/mockito-core/5.14.2/mockito-core-5.14.2.jar:/Users/germanrodriguez/.m2/repository/net/bytebuddy/byte-buddy-agent/1.15.11/byte-buddy-agent-1.15.11.jar:/Users/germanrodriguez/.m2/repository/org/objenesis/objenesis/3.3/objenesis-3.3.jar:/Users/germanrodriguez/.m2/repository/org/mockito/mockito-junit-jupiter/5.14.2/mockito-junit-jupiter-5.14.2.jar:/Users/germanrodriguez/.m2/repository/org/skyscreamer/jsonassert/1.5.3/jsonassert-1.5.3.jar:/Users/germanrodriguez/.m2/repository/com/vaadin/external/google/android-json/0.0.20131108.vaadin1/android-json-0.0.20131108.vaadin1.jar:/Users/germanrodriguez/.m2/repository/org/springframework/spring-core/6.2.7/spring-core-6.2.7.jar:/Users/germanrodriguez/.m2/repository/org/springframework/spring-jcl/6.2.7/spring-jcl-6.2.7.jar:/Users/germanrodriguez/.m2/repository/org/springframework/spring-test/6.2.7/spring-test-6.2.7.jar:/Users/germanrodriguez/.m2/repository/org/xmlunit/xmlunit-core/2.10.1/xmlunit-core-2.10.1.jar:"/>
    <property name="sun.cpu.endian" value="little"/>
    <property name="user.home" value="/Users/germanrodriguez"/>
    <property name="user.language" value="en"/>
    <property name="java.specification.vendor" value="Oracle Corporation"/>
    <property name="java.version.date" value="2025-01-21"/>
    <property name="java.home" value="/opt/homebrew/Cellar/openjdk/23.0.2/libexec/openjdk.jdk/Contents/Home"/>
    <property name="file.separator" value="/"/>
    <property name="basedir" value="/Users/germanrodriguez/development/demoMcp"/>
    <property name="java.vm.compressedOopsMode" value="Zero based"/>
    <property name="line.separator" value="&#10;"/>
    <property name="java.vm.specification.vendor" value="Oracle Corporation"/>
    <property name="java.specification.name" value="Java Platform API Specification"/>
    <property name="FILE_LOG_CHARSET" value="UTF-8"/>
    <property name="java.awt.headless" value="true"/>
    <property name="apple.awt.application.name" value="ForkedBooter"/>
    <property name="surefire.real.class.path" value="/Users/germanrodriguez/development/demoMcp/target/surefire/surefirebooter-20250604091041846_3.jar"/>
    <property name="sun.management.compiler" value="HotSpot 64-Bit Tiered Compilers"/>
    <property name="java.runtime.version" value="23.0.2"/>
    <property name="user.name" value="germanrodriguez"/>
    <property name="stdout.encoding" value="UTF-8"/>
    <property name="path.separator" value=":"/>
    <property name="os.version" value="15.5"/>
    <property name="java.runtime.name" value="OpenJDK Runtime Environment"/>
    <property name="file.encoding" value="UTF-8"/>
    <property name="java.vm.name" value="OpenJDK 64-Bit Server VM"/>
    <property name="java.vendor.version" value="Homebrew"/>
    <property name="localRepository" value="/Users/germanrodriguez/.m2/repository"/>
    <property name="java.vendor.url.bug" value="https://github.com/Homebrew/homebrew-core/issues"/>
    <property name="java.io.tmpdir" value="/var/folders/7x/ks6qd4zj031_m85hctx863_80000gn/T/"/>
    <property name="java.version" value="23.0.2"/>
    <property name="user.dir" value="/Users/germanrodriguez/development/demoMcp"/>
    <property name="os.arch" value="aarch64"/>
    <property name="java.vm.specification.name" value="Java Virtual Machine Specification"/>
    <property name="PID" value="1765"/>
    <property name="CONSOLE_LOG_CHARSET" value="UTF-8"/>
    <property name="native.encoding" value="UTF-8"/>
    <property name="java.library.path" value="/Users/germanrodriguez/Library/Java/Extensions:/Library/Java/Extensions:/Network/Library/Java/Extensions:/System/Library/Java/Extensions:/usr/lib/java:."/>
    <property name="java.vm.info" value="mixed mode, sharing"/>
    <property name="stderr.encoding" value="UTF-8"/>
    <property name="java.vendor" value="Homebrew"/>
    <property name="java.vm.version" value="23.0.2"/>
    <property name="sun.io.unicode.encoding" value="UnicodeBig"/>
    <property name="java.class.version" value="67.0"/>
    <property name="CONSOLE_LOG_PATTERN" value=""/>
    <property name="LOGGED_APPLICATION_NAME" value="[demoMcp] "/>
  </properties>
  <testcase name="contextLoads" classname="com.gkt.demoMcp.DemoMcpApplicationTests" time="0.677">
    <system-out><![CDATA[09:10:45.189 [main] INFO org.springframework.test.context.support.AnnotationConfigContextLoaderUtils -- Could not detect default configuration classes for test class [com.gkt.demoMcp.DemoMcpApplicationTests]: DemoMcpApplicationTests does not declare any static, non-private, non-final, nested classes annotated with @Configuration.
09:10:45.235 [main] INFO org.springframework.boot.test.context.SpringBootTestContextBootstrapper -- Found @SpringBootConfiguration com.gkt.demoMcp.DemoMcpApplication for test class com.gkt.demoMcp.DemoMcpApplicationTests
]]></system-out>
    <system-err><![CDATA[Mockito is currently self-attaching to enable the inline-mock-maker. This will no longer work in future releases of the JDK. Please add Mockito as an agent to your build what is described in Mockito's documentation: https://javadoc.io/doc/org.mockito/mockito-core/latest/org/mockito/Mockito.html#0.3
WARNING: A Java agent has been loaded dynamically (/Users/germanrodriguez/.m2/repository/net/bytebuddy/byte-buddy-agent/1.15.11/byte-buddy-agent-1.15.11.jar)
WARNING: If a serviceability tool is in use, please run with -XX:+EnableDynamicAgentLoading to hide this warning
WARNING: If a serviceability tool is not in use, please run with -Djdk.instrument.traceUsage for more information
WARNING: Dynamic loading of agents will be disallowed by default in a future release
]]></system-err>
  </testcase>
</testsuite>